# JRE version: Java(TM) SE Runtime Environment (8.0_161-b12) (build 1.8.0_161-b12)
# Java VM: Java HotSpot(TM) 64-Bit Server VM (25.161-b12 mixed mode linux-amd64 compressed oops)
Heap:
 PSYoungGen      total 17920K, used 14603K [0x00000000ec000000, 0x00000000ee300000, 0x0000000100000000)
  eden space 15360K, 78% used [0x00000000ec000000,0x00000000ecbcae48,0x00000000ecf00000)
  from space 2560K, 98% used [0x00000000ee080000,0x00000000ee2f8030,0x00000000ee300000)
  to   space 2560K, 0% used [0x00000000ecf00000,0x00000000ecf00000,0x00000000ed180000)
 ParOldGen       total 98304K, used 66542K [0x00000000c4000000, 0x00000000ca000000, 0x00000000ec000000)
  object space 98304K, 67% used [0x00000000c4000000,0x00000000c80fb8c8,0x00000000ca000000)
 Metaspace       used 20011K, capacity 20934K, committed 21248K, reserved 1067008K
  class space    used 2790K, capacity 3008K, committed 3072K, reserved 1048576K
GC Heap History (8 events):
Event: 2,637 GC heap before
{Heap before GC invocations=1 (full 0):
 PSYoungGen      total 17920K, used 15360K [0x00000000ec000000, 0x00000000ed400000, 0x0000000100000000)
  eden space 15360K, 100% used [0x00000000ec000000,0x00000000ecf00000,0x00000000ecf00000)
  from space 2560K, 0% used [0x00000000ed180000,0x00000000ed180000,0x00000000ed400000)
  to   space 2560K, 0% used [0x00000000ecf00000,0x00000000ecf00000,0x00000000ed180000)
 ParOldGen       total 40960K, used 0K [0x00000000c4000000, 0x00000000c6800000, 0x00000000ec000000)
  object space 40960K, 0% used [0x00000000c4000000,0x00000000c4000000,0x00000000c6800000)
 Metaspace       used 8573K, capacity 8902K, committed 9088K, reserved 1056768K
  class space    used 1044K, capacity 1133K, committed 1152K, reserved 1048576K
Event: 2,661 GC heap after
Heap after GC invocations=1 (full 0):
 PSYoungGen      total 17920K, used 1728K [0x00000000ec000000, 0x00000000ed400000, 0x0000000100000000)
  eden space 15360K, 0% used [0x00000000ec000000,0x00000000ec000000,0x00000000ecf00000)
  from space 2560K, 67% used [0x00000000ecf00000,0x00000000ed0b0040,0x00000000ed180000)
  to   space 2560K, 0% used [0x00000000ed180000,0x00000000ed180000,0x00000000ed400000)
 ParOldGen       total 40960K, used 72K [0x00000000c4000000, 0x00000000c6800000, 0x00000000ec000000)
  object space 40960K, 0% used [0x00000000c4000000,0x00000000c4012010,0x00000000c6800000)
 Metaspace       used 8573K, capacity 8902K, committed 9088K, reserved 1056768K
  class space    used 1044K, capacity 1133K, committed 1152K, reserved 1048576K
}
Event: 5,949 GC heap before
{Heap before GC invocations=2 (full 0):
 PSYoungGen      total 17920K, used 17088K [0x00000000ec000000, 0x00000000ed400000, 0x0000000100000000)
  eden space 15360K, 100% used [0x00000000ec000000,0x00000000ecf00000,0x00000000ecf00000)
  from space 2560K, 67% used [0x00000000ecf00000,0x00000000ed0b0040,0x00000000ed180000)
  to   space 2560K, 0% used [0x00000000ed180000,0x00000000ed180000,0x00000000ed400000)
 ParOldGen       total 98304K, used 57025K [0x00000000c4000000, 0x00000000ca000000, 0x00000000ec000000)
  object space 98304K, 58% used [0x00000000c4000000,0x00000000c77b04a0,0x00000000ca000000)
 Metaspace       used 13164K, capacity 13676K, committed 13824K, reserved 1060864K
  class space    used 1793K, capacity 1929K, committed 2048K, reserved 1048576K
Event: 5,988 GC heap after
Heap after GC invocations=2 (full 0):
 PSYoungGen      total 17920K, used 2528K [0x00000000ec000000, 0x00000000ee300000, 0x0000000100000000)
  eden space 15360K, 0% used [0x00000000ec000000,0x00000000ec000000,0x00000000ecf00000)
  from space 2560K, 98% used [0x00000000ed180000,0x00000000ed3f8050,0x00000000ed400000)
  to   space 2560K, 0% used [0x00000000ecf00000,0x00000000ecf00000,0x00000000ed180000)
 ParOldGen       total 98304K, used 59104K [0x00000000c4000000, 0x00000000ca000000, 0x00000000ec000000)
  object space 98304K, 60% used [0x00000000c4000000,0x00000000c79b8158,0x00000000ca000000)
 Metaspace       used 13164K, capacity 13676K, committed 13824K, reserved 1060864K
  class space    used 1793K, capacity 1929K, committed 2048K, reserved 1048576K
}
Event: 7,291 GC heap before
{Heap before GC invocations=3 (full 0):
 PSYoungGen      total 17920K, used 17888K [0x00000000ec000000, 0x00000000ee300000, 0x0000000100000000)
  eden space 15360K, 100% used [0x00000000ec000000,0x00000000ecf00000,0x00000000ecf00000)
  from space 2560K, 98% used [0x00000000ed180000,0x00000000ed3f8050,0x00000000ed400000)
  to   space 2560K, 0% used [0x00000000ecf00000,0x00000000ecf00000,0x00000000ed180000)
 ParOldGen       total 98304K, used 59104K [0x00000000c4000000, 0x00000000ca000000, 0x00000000ec000000)
  object space 98304K, 60% used [0x00000000c4000000,0x00000000c79b8158,0x00000000ca000000)
 Metaspace       used 14827K, capacity 15466K, committed 15616K, reserved 1062912K
  class space    used 2050K, capacity 2226K, committed 2304K, reserved 1048576K
Event: 7,315 GC heap after
Heap after GC invocations=3 (full 0):
 PSYoungGen      total 17920K, used 2528K [0x00000000ec000000, 0x00000000ee300000, 0x0000000100000000)
  eden space 15360K, 0% used [0x00000000ec000000,0x00000000ec000000,0x00000000ecf00000)
  from space 2560K, 98% used [0x00000000ecf00000,0x00000000ed178020,0x00000000ed180000)
  to   space 2560K, 0% used [0x00000000ee080000,0x00000000ee080000,0x00000000ee300000)
 ParOldGen       total 98304K, used 63833K [0x00000000c4000000, 0x00000000ca000000, 0x00000000ec000000)
  object space 98304K, 64% used [0x00000000c4000000,0x00000000c7e565f0,0x00000000ca000000)
 Metaspace       used 14827K, capacity 15466K, committed 15616K, reserved 1062912K
  class space    used 2050K, capacity 2226K, committed 2304K, reserved 1048576K
}
Event: 17,482 GC heap before
{Heap before GC invocations=4 (full 0):
 PSYoungGen      total 17920K, used 17873K [0x00000000ec000000, 0x00000000ee300000, 0x0000000100000000)
  eden space 15360K, 99% used [0x00000000ec000000,0x00000000ecefc728,0x00000000ecf00000)
  from space 2560K, 98% used [0x00000000ecf00000,0x00000000ed178020,0x00000000ed180000)
  to   space 2560K, 0% used [0x00000000ee080000,0x00000000ee080000,0x00000000ee300000)
 ParOldGen       total 98304K, used 63833K [0x00000000c4000000, 0x00000000ca000000, 0x00000000ec000000)
  object space 98304K, 64% used [0x00000000c4000000,0x00000000c7e565f0,0x00000000ca000000)
 Metaspace       used 18752K, capacity 19614K, committed 19840K, reserved 1067008K
  class space    used 2708K, capacity 2918K, committed 2944K, reserved 1048576K
Event: 17,506 GC heap after
Heap after GC invocations=4 (full 0):
 PSYoungGen      total 17920K, used 2528K [0x00000000ec000000, 0x00000000ee300000, 0x0000000100000000)
  eden space 15360K, 0% used [0x00000000ec000000,0x00000000ec000000,0x00000000ecf00000)
  from space 2560K, 98% used [0x00000000ee080000,0x00000000ee2f8030,0x00000000ee300000)
  to   space 2560K, 0% used [0x00000000ecf00000,0x00000000ecf00000,0x00000000ed180000)
 ParOldGen       total 98304K, used 66542K [0x00000000c4000000, 0x00000000ca000000, 0x00000000ec000000)
  object space 98304K, 67% used [0x00000000c4000000,0x00000000c80fb8c8,0x00000000ca000000)
 Metaspace       used 18752K, capacity 19614K, committed 19840K, reserved 1067008K
  class space    used 2708K, capacity 2918K, committed 2944K, reserved 1048576K
}

