# JRE version: Java(TM) SE Runtime Environment (8.0_161-b12) (build 1.8.0_161-b12)
# Java VM: Java HotSpot(TM) 64-Bit Server VM (25.161-b12 mixed mode linux-amd64 compressed oops)
Heap:
 PSYoungGen      total 17920K, used 6281K [0x00000000ec000000, 0x00000000ed400000, 0x0000000100000000)
  eden space 15360K, 24% used [0x00000000ec000000,0x00000000ec3aa538,0x00000000ecf00000)
  from space 2560K, 98% used [0x00000000ecf00000,0x00000000ed178030,0x00000000ed180000)
  to   space 2560K, 0% used [0x00000000ed180000,0x00000000ed180000,0x00000000ed400000)
 ParOldGen       total 155648K, used 118744K [0x00000000c4000000, 0x00000000cd800000, 0x00000000ec000000)
  object space 155648K, 76% used [0x00000000c4000000,0x00000000cb3f6270,0x00000000cd800000)
 Metaspace       used 18008K, capacity 18898K, committed 19072K, reserved 1064960K
  class space    used 2607K, capacity 2822K, committed 2944K, reserved 1048576K
GC Heap History (6 events):
Event: 1,963 GC heap before
{Heap before GC invocations=1 (full 0):
 PSYoungGen      total 17920K, used 15360K [0x00000000ec000000, 0x00000000ed400000, 0x0000000100000000)
  eden space 15360K, 100% used [0x00000000ec000000,0x00000000ecf00000,0x00000000ecf00000)
  from space 2560K, 0% used [0x00000000ed180000,0x00000000ed180000,0x00000000ed400000)
  to   space 2560K, 0% used [0x00000000ecf00000,0x00000000ecf00000,0x00000000ed180000)
 ParOldGen       total 40960K, used 0K [0x00000000c4000000, 0x00000000c6800000, 0x00000000ec000000)
  object space 40960K, 0% used [0x00000000c4000000,0x00000000c4000000,0x00000000c6800000)
 Metaspace       used 8589K, capacity 8972K, committed 9088K, reserved 1056768K
  class space    used 1044K, capacity 1134K, committed 1152K, reserved 1048576K
Event: 1,978 GC heap after
Heap after GC invocations=1 (full 0):
 PSYoungGen      total 17920K, used 1808K [0x00000000ec000000, 0x00000000ed400000, 0x0000000100000000)
  eden space 15360K, 0% used [0x00000000ec000000,0x00000000ec000000,0x00000000ecf00000)
  from space 2560K, 70% used [0x00000000ecf00000,0x00000000ed0c4040,0x00000000ed180000)
  to   space 2560K, 0% used [0x00000000ed180000,0x00000000ed180000,0x00000000ed400000)
 ParOldGen       total 40960K, used 8K [0x00000000c4000000, 0x00000000c6800000, 0x00000000ec000000)
  object space 40960K, 0% used [0x00000000c4000000,0x00000000c4002000,0x00000000c6800000)
 Metaspace       used 8589K, capacity 8972K, committed 9088K, reserved 1056768K
  class space    used 1044K, capacity 1134K, committed 1152K, reserved 1048576K
}
Event: 6,581 GC heap before
{Heap before GC invocations=2 (full 0):
 PSYoungGen      total 17920K, used 17168K [0x00000000ec000000, 0x00000000ed400000, 0x0000000100000000)
  eden space 15360K, 100% used [0x00000000ec000000,0x00000000ecf00000,0x00000000ecf00000)
  from space 2560K, 70% used [0x00000000ecf00000,0x00000000ed0c4040,0x00000000ed180000)
  to   space 2560K, 0% used [0x00000000ed180000,0x00000000ed180000,0x00000000ed400000)
 ParOldGen       total 155648K, used 113914K [0x00000000c4000000, 0x00000000cd800000, 0x00000000ec000000)
  object space 155648K, 73% used [0x00000000c4000000,0x00000000caf3e920,0x00000000cd800000)
 Metaspace       used 13133K, capacity 13590K, committed 13824K, reserved 1060864K
  class space    used 1801K, capacity 1962K, committed 2048K, reserved 1048576K
Event: 6,610 GC heap after
Heap after GC invocations=2 (full 0):
 PSYoungGen      total 17920K, used 2528K [0x00000000ec000000, 0x00000000ed400000, 0x0000000100000000)
  eden space 15360K, 0% used [0x00000000ec000000,0x00000000ec000000,0x00000000ecf00000)
  from space 2560K, 98% used [0x00000000ed180000,0x00000000ed3f8030,0x00000000ed400000)
  to   space 2560K, 0% used [0x00000000ecf00000,0x00000000ecf00000,0x00000000ed180000)
 ParOldGen       total 155648K, used 116076K [0x00000000c4000000, 0x00000000cd800000, 0x00000000ec000000)
  object space 155648K, 74% used [0x00000000c4000000,0x00000000cb15b2b0,0x00000000cd800000)
 Metaspace       used 13133K, capacity 13590K, committed 13824K, reserved 1060864K
  class space    used 1801K, capacity 1962K, committed 2048K, reserved 1048576K
}
Event: 13,076 GC heap before
{Heap before GC invocations=3 (full 0):
 PSYoungGen      total 17920K, used 17888K [0x00000000ec000000, 0x00000000ed400000, 0x0000000100000000)
  eden space 15360K, 100% used [0x00000000ec000000,0x00000000ecf00000,0x00000000ecf00000)
  from space 2560K, 98% used [0x00000000ed180000,0x00000000ed3f8030,0x00000000ed400000)
  to   space 2560K, 0% used [0x00000000ecf00000,0x00000000ecf00000,0x00000000ed180000)
 ParOldGen       total 155648K, used 116076K [0x00000000c4000000, 0x00000000cd800000, 0x00000000ec000000)
  object space 155648K, 74% used [0x00000000c4000000,0x00000000cb15b2b0,0x00000000cd800000)
 Metaspace       used 16994K, capacity 17734K, committed 17920K, reserved 1064960K
  class space    used 2499K, capacity 2696K, committed 2816K, reserved 1048576K
Event: 13,105 GC heap after
Heap after GC invocations=3 (full 0):
 PSYoungGen      total 17920K, used 2528K [0x00000000ec000000, 0x00000000ed400000, 0x0000000100000000)
  eden space 15360K, 0% used [0x00000000ec000000,0x00000000ec000000,0x00000000ecf00000)
  from space 2560K, 98% used [0x00000000ecf00000,0x00000000ed178030,0x00000000ed180000)
  to   space 2560K, 0% used [0x00000000ed180000,0x00000000ed180000,0x00000000ed400000)
 ParOldGen       total 155648K, used 118744K [0x00000000c4000000, 0x00000000cd800000, 0x00000000ec000000)
  object space 155648K, 76% used [0x00000000c4000000,0x00000000cb3f6270,0x00000000cd800000)
 Metaspace       used 16994K, capacity 17734K, committed 17920K, reserved 1064960K
  class space    used 2499K, capacity 2696K, committed 2816K, reserved 1048576K
}

